<?xml version="1.0" encoding="UTF-8"?>
<coverage generated="1683301009461" clover="3.2.0">
  <project timestamp="1683301009461" name="All files">
    <metrics statements="32" coveredstatements="29" conditionals="18" coveredconditionals="16" methods="8" coveredmethods="8" elements="58" coveredelements="53" complexity="0" loc="32" ncloc="32" packages="1" files="2" classes="2"/>
    <file name="index.js" path="/home/liya/frontend-project-46/src/index.js">
      <metrics statements="28" coveredstatements="25" conditionals="16" coveredconditionals="14" methods="7" coveredmethods="7"/>
      <line num="10" count="4" type="stmt"/>
      <line num="12" count="4" type="stmt"/>
      <line num="14" count="4" type="stmt"/>
      <line num="16" count="1" type="stmt"/>
      <line num="17" count="2" type="stmt"/>
      <line num="18" count="2" type="stmt"/>
      <line num="20" count="2" type="stmt"/>
      <line num="21" count="2" type="stmt"/>
      <line num="23" count="2" type="stmt"/>
      <line num="25" count="11" type="cond" truecount="4" falsecount="0"/>
      <line num="27" count="2" type="stmt"/>
      <line num="29" count="2" type="stmt"/>
      <line num="34" count="4" type="stmt"/>
      <line num="36" count="3" type="stmt"/>
      <line num="38" count="0" type="cond" truecount="0" falsecount="2"/>
      <line num="39" count="0" type="stmt"/>
      <line num="40" count="0" type="stmt"/>
      <line num="44" count="2" type="stmt"/>
      <line num="45" count="2" type="stmt"/>
      <line num="47" count="2" type="stmt"/>
      <line num="48" count="11" type="cond" truecount="4" falsecount="0"/>
      <line num="49" count="4" type="cond" truecount="2" falsecount="0"/>
      <line num="58" count="7" type="cond" truecount="2" falsecount="0"/>
      <line num="63" count="2" type="stmt"/>
      <line num="66" count="23" type="stmt"/>
      <line num="67" count="23" type="stmt"/>
      <line num="68" count="23" type="stmt"/>
      <line num="69" count="23" type="cond" truecount="2" falsecount="0"/>
    </file>
    <file name="parser.js" path="/home/liya/frontend-project-46/src/parser.js">
      <metrics statements="4" coveredstatements="4" conditionals="2" coveredconditionals="2" methods="1" coveredmethods="1"/>
      <line num="7" count="1" type="stmt"/>
      <line num="8" count="4" type="cond" truecount="2" falsecount="0"/>
      <line num="10" count="3" type="stmt"/>
      <line num="12" count="1" type="stmt"/>
    </file>
  </project>
</coverage>
