TN:
SF:src/index.js
FN:10,(anonymous_0)
FN:12,(anonymous_1)
FN:14,(anonymous_2)
FN:16,(anonymous_3)
FN:23,(anonymous_4)
FN:47,(anonymous_5)
FN:65,(anonymous_6)
FNF:7
FNH:7
FNDA:4,(anonymous_0)
FNDA:4,(anonymous_1)
FNDA:4,(anonymous_2)
FNDA:2,(anonymous_3)
FNDA:11,(anonymous_4)
FNDA:11,(anonymous_5)
FNDA:23,(anonymous_6)
DA:10,4
DA:12,4
DA:14,4
DA:16,1
DA:17,2
DA:18,2
DA:20,2
DA:21,2
DA:23,2
DA:25,11
DA:27,2
DA:29,2
DA:34,4
DA:36,3
DA:38,0
DA:39,0
DA:40,0
DA:44,2
DA:45,2
DA:47,2
DA:48,11
DA:49,4
DA:58,7
DA:63,2
DA:66,23
DA:67,23
DA:68,23
DA:69,23
LF:28
LH:25
BRDA:25,0,0,2
BRDA:25,0,1,2
BRDA:25,0,2,4
BRDA:25,0,3,3
BRDA:38,1,0,0
BRDA:38,1,1,0
BRDA:48,2,0,4
BRDA:48,2,1,7
BRDA:48,3,0,11
BRDA:48,3,1,8
BRDA:49,4,0,2
BRDA:49,4,1,2
BRDA:58,5,0,4
BRDA:58,5,1,3
BRDA:69,6,0,12
BRDA:69,6,1,11
BRF:16
BRH:14
end_of_record
TN:
SF:src/parser.js
FN:7,(anonymous_0)
FNF:1
FNH:1
FNDA:4,(anonymous_0)
DA:7,1
DA:8,4
DA:10,3
DA:12,1
LF:4
LH:4
BRDA:8,0,0,3
BRDA:8,0,1,1
BRF:2
BRH:2
end_of_record
